Using pre-set license

 COMMAND LINE ARGUMENTS:
/Applications/2020.3.11f1/Unity.app/Contents/MacOS/Unity
-adb2
-batchMode
-noUpm
-name
AssetImportWorker0
-projectPath
/Users/arthurgraciano/Documents/CursoUnity/Prototype2
-logFile
Logs/AssetImportWorker0.log
-srvPort
50093
Successfully changed project path to: /Users/arthurgraciano/Documents/CursoUnity/Prototype2
/Users/arthurgraciano/Documents/CursoUnity/Prototype2
Using Asset Import Pipeline V2.
Refreshing native plugins compatible for Editor in 36.93 ms, found 2 plugins.
Preloading 0 native plugins for Editor in 0.00 ms.
Initialize engine version: 2020.3.11f1 (99c7afb366b3)
[Subsystems] Discovering subsystems at path /Applications/2020.3.11f1/Unity.app/Contents/Resources/UnitySubsystems
[Subsystems] Discovering subsystems at path /Users/arthurgraciano/Documents/CursoUnity/Prototype2/Assets
GfxDevice: creating device client; threaded=0
2021-06-07 14:57:51.645 Unity[1655:126166] MX279 preferred device: Intel Iris Graphics (low power)
2021-06-07 14:57:51.646 Unity[1655:126166] Metal devices available: 1
2021-06-07 14:57:51.646 Unity[1655:126166] 0: Intel Iris Graphics (low power)
2021-06-07 14:57:51.646 Unity[1655:126166] Using device Intel Iris Graphics (low power)
Initializing Metal device caps: Intel Iris Graphics
Initialize mono
Mono path[0] = '/Applications/2020.3.11f1/Unity.app/Contents/Managed'
Mono path[1] = '/Applications/2020.3.11f1/Unity.app/Contents/MonoBleedingEdge/lib/mono/unityjit'
Mono config path = '/Applications/2020.3.11f1/Unity.app/Contents/MonoBleedingEdge/etc'
Using monoOptions --debugger-agent=transport=dt_socket,embedding=1,server=y,suspend=n,address=127.0.0.1:56655
Begin MonoManager ReloadAssembly
Registering precompiled unity dll's ...
Register platform support module: /Applications/2020.3.11f1/Unity.app/Contents/PlaybackEngines/MacStandaloneSupport/UnityEditor.OSXStandalone.Extensions.dll
Registered in 0.002456 seconds.
Native extension for OSXStandalone target not found
Refreshing native plugins compatible for Editor in 60.85 ms, found 2 plugins.
Preloading 0 native plugins for Editor in 0.00 ms.
Mono: successfully reloaded assembly
- Completed reload, in  3.063 seconds
Platform modules already initialized, skipping
Registering precompiled user dll's ...
Registered in 0.145097 seconds.
Begin MonoManager ReloadAssembly
Native extension for OSXStandalone target not found
Refreshing native plugins compatible for Editor in 0.42 ms, found 2 plugins.
Preloading 0 native plugins for Editor in 0.00 ms.
Mono: successfully reloaded assembly
- Completed reload, in  1.863 seconds
Platform modules already initialized, skipping
========================================================================
Worker process is ready to serve import requests
Launching external process: /Applications/2020.3.11f1/Unity.app/Contents/Tools/UnityShaderCompiler
Launched and connected shader compiler UnityShaderCompiler after 0.04 seconds
Refreshing native plugins compatible for Editor in 0.39 ms, found 2 plugins.
Preloading 0 native plugins for Editor in 0.00 ms.
Unloading 1390 Unused Serialized files (Serialized files now loaded: 0)
System memory in use before: 135.4 MB.
System memory in use after: 135.5 MB.

Unloading 19 unused Assets to reduce memory usage. Loaded Objects now: 1824.
Total: 2.944268 ms (FindLiveObjects: 0.381502 ms CreateObjectMapping: 0.170214 ms MarkObjects: 2.273969 ms  DeleteObjects: 0.116996 ms)

========================================================================
Received Import Request.
  path: Assets/Scripts/SpawnManager.cs
  artifactKey: Guid(fdd726eed8e8141e18d544008c88feb3) Importer(815301076,1909f56bfc062723c751e8b465ee728b)
Start importing Assets/Scripts/SpawnManager.cs using Guid(fdd726eed8e8141e18d544008c88feb3) Importer(815301076,1909f56bfc062723c751e8b465ee728b)  -> (artifact id: '51aec6677686dc5d0eb7cdcbe64354cc') in 0.812329 seconds
  Import took 0.930566 seconds .

========================================================================
Received Prepare
Registering precompiled user dll's ...
Registered in 0.093871 seconds.
Begin MonoManager ReloadAssembly
Native extension for OSXStandalone target not found
Refreshing native plugins compatible for Editor in 0.38 ms, found 2 plugins.
Preloading 0 native plugins for Editor in 0.00 ms.
Mono: successfully reloaded assembly
- Completed reload, in  1.980 seconds
Platform modules already initialized, skipping
Refreshing native plugins compatible for Editor in 0.48 ms, found 2 plugins.
Preloading 0 native plugins for Editor in 0.00 ms.
Unloading 1385 Unused Serialized files (Serialized files now loaded: 0)
System memory in use before: 140.1 MB.
System memory in use after: 140.2 MB.

Unloading 14 unused Assets to reduce memory usage. Loaded Objects now: 1827.
Total: 3.118738 ms (FindLiveObjects: 0.355779 ms CreateObjectMapping: 0.098541 ms MarkObjects: 2.568183 ms  DeleteObjects: 0.094511 ms)

========================================================================
Received Prepare
Registering precompiled user dll's ...
Registered in 0.055622 seconds.
Begin MonoManager ReloadAssembly
Native extension for OSXStandalone target not found
Refreshing native plugins compatible for Editor in 0.39 ms, found 2 plugins.
Preloading 0 native plugins for Editor in 0.00 ms.
Mono: successfully reloaded assembly
- Completed reload, in  2.239 seconds
Platform modules already initialized, skipping
Refreshing native plugins compatible for Editor in 0.71 ms, found 2 plugins.
Preloading 0 native plugins for Editor in 0.00 ms.
Unloading 1385 Unused Serialized files (Serialized files now loaded: 0)
System memory in use before: 140.3 MB.
System memory in use after: 140.4 MB.

Unloading 14 unused Assets to reduce memory usage. Loaded Objects now: 1830.
Total: 4.787778 ms (FindLiveObjects: 0.355666 ms CreateObjectMapping: 0.091478 ms MarkObjects: 4.042635 ms  DeleteObjects: 0.295079 ms)

========================================================================
Received Import Request.
  Time since last request: 347.835391 seconds.
  path: Assets/Scripts/SpawnManager.cs
  artifactKey: Guid(fdd726eed8e8141e18d544008c88feb3) Importer(815301076,1909f56bfc062723c751e8b465ee728b)
Start importing Assets/Scripts/SpawnManager.cs using Guid(fdd726eed8e8141e18d544008c88feb3) Importer(815301076,1909f56bfc062723c751e8b465ee728b)  -> (artifact id: '84ee67cc5df44911195dc39a70253936') in 0.026574 seconds
  Import took 0.041435 seconds .

========================================================================
Received Prepare
Registering precompiled user dll's ...
Registered in 0.031942 seconds.
Begin MonoManager ReloadAssembly
Native extension for OSXStandalone target not found
Refreshing native plugins compatible for Editor in 0.41 ms, found 2 plugins.
Preloading 0 native plugins for Editor in 0.00 ms.
Mono: successfully reloaded assembly
- Completed reload, in  1.804 seconds
Platform modules already initialized, skipping
Refreshing native plugins compatible for Editor in 0.49 ms, found 2 plugins.
Preloading 0 native plugins for Editor in 0.00 ms.
Unloading 1385 Unused Serialized files (Serialized files now loaded: 0)
System memory in use before: 140.5 MB.
System memory in use after: 140.5 MB.

Unloading 14 unused Assets to reduce memory usage. Loaded Objects now: 1833.
Total: 2.315748 ms (FindLiveObjects: 0.173797 ms CreateObjectMapping: 0.050109 ms MarkObjects: 2.028269 ms  DeleteObjects: 0.062485 ms)

========================================================================
Received Prepare
Registering precompiled user dll's ...
Registered in 0.033454 seconds.
Begin MonoManager ReloadAssembly
Native extension for OSXStandalone target not found
Refreshing native plugins compatible for Editor in 0.42 ms, found 2 plugins.
Preloading 0 native plugins for Editor in 0.00 ms.
Mono: successfully reloaded assembly
- Completed reload, in  1.567 seconds
Platform modules already initialized, skipping
Refreshing native plugins compatible for Editor in 0.45 ms, found 2 plugins.
Preloading 0 native plugins for Editor in 0.00 ms.
Unloading 1385 Unused Serialized files (Serialized files now loaded: 0)
System memory in use before: 140.7 MB.
System memory in use after: 140.7 MB.

Unloading 14 unused Assets to reduce memory usage. Loaded Objects now: 1836.
Total: 2.085653 ms (FindLiveObjects: 0.169619 ms CreateObjectMapping: 0.050198 ms MarkObjects: 1.799732 ms  DeleteObjects: 0.065121 ms)

========================================================================
Received Prepare
Registering precompiled user dll's ...
Registered in 0.033046 seconds.
Begin MonoManager ReloadAssembly
Native extension for OSXStandalone target not found
Refreshing native plugins compatible for Editor in 0.42 ms, found 2 plugins.
Preloading 0 native plugins for Editor in 0.00 ms.
Mono: successfully reloaded assembly
- Completed reload, in  1.769 seconds
Platform modules already initialized, skipping
Refreshing native plugins compatible for Editor in 0.71 ms, found 2 plugins.
Preloading 0 native plugins for Editor in 0.00 ms.
Unloading 1385 Unused Serialized files (Serialized files now loaded: 0)
System memory in use before: 140.9 MB.
System memory in use after: 140.9 MB.

Unloading 14 unused Assets to reduce memory usage. Loaded Objects now: 1839.
Total: 2.568422 ms (FindLiveObjects: 0.222750 ms CreateObjectMapping: 0.075010 ms MarkObjects: 2.198787 ms  DeleteObjects: 0.070340 ms)

========================================================================
Received Prepare
Registering precompiled user dll's ...
Registered in 0.028053 seconds.
Begin MonoManager ReloadAssembly
Native extension for OSXStandalone target not found
Refreshing native plugins compatible for Editor in 1.00 ms, found 2 plugins.
Preloading 0 native plugins for Editor in 0.00 ms.
Mono: successfully reloaded assembly
- Completed reload, in  2.246 seconds
Platform modules already initialized, skipping
Refreshing native plugins compatible for Editor in 0.45 ms, found 2 plugins.
Preloading 0 native plugins for Editor in 0.00 ms.
Unloading 1385 Unused Serialized files (Serialized files now loaded: 0)
System memory in use before: 141.0 MB.
System memory in use after: 141.1 MB.

Unloading 14 unused Assets to reduce memory usage. Loaded Objects now: 1842.
Total: 4.490587 ms (FindLiveObjects: 0.511629 ms CreateObjectMapping: 0.205320 ms MarkObjects: 3.671621 ms  DeleteObjects: 0.099967 ms)

========================================================================
Received Prepare
Registering precompiled user dll's ...
Registered in 0.004988 seconds.
Begin MonoManager ReloadAssembly
Native extension for OSXStandalone target not found
Refreshing native plugins compatible for Editor in 0.42 ms, found 2 plugins.
Preloading 0 native plugins for Editor in 0.00 ms.
Mono: successfully reloaded assembly
- Completed reload, in  2.899 seconds
Platform modules already initialized, skipping
Refreshing native plugins compatible for Editor in 0.35 ms, found 2 plugins.
Preloading 0 native plugins for Editor in 0.00 ms.
Unloading 1385 Unused Serialized files (Serialized files now loaded: 0)
System memory in use before: 141.2 MB.
System memory in use after: 141.3 MB.

Unloading 14 unused Assets to reduce memory usage. Loaded Objects now: 1845.
Total: 4.424647 ms (FindLiveObjects: 0.321377 ms CreateObjectMapping: 0.193647 ms MarkObjects: 3.822633 ms  DeleteObjects: 0.085220 ms)

========================================================================
Received Prepare
Registering precompiled user dll's ...
Registered in 0.049593 seconds.
Begin MonoManager ReloadAssembly
Native extension for OSXStandalone target not found
Refreshing native plugins compatible for Editor in 0.56 ms, found 2 plugins.
Preloading 0 native plugins for Editor in 0.00 ms.
Mono: successfully reloaded assembly
- Completed reload, in  1.606 seconds
Platform modules already initialized, skipping
Refreshing native plugins compatible for Editor in 0.46 ms, found 2 plugins.
Preloading 0 native plugins for Editor in 0.00 ms.
Unloading 1385 Unused Serialized files (Serialized files now loaded: 0)
System memory in use before: 141.4 MB.
System memory in use after: 141.5 MB.

Unloading 14 unused Assets to reduce memory usage. Loaded Objects now: 1848.
Total: 3.416265 ms (FindLiveObjects: 0.298560 ms CreateObjectMapping: 0.084106 ms MarkObjects: 2.954426 ms  DeleteObjects: 0.077199 ms)

========================================================================
Received Prepare
Registering precompiled user dll's ...
Registered in 0.022929 seconds.
Begin MonoManager ReloadAssembly
Native extension for OSXStandalone target not found
Refreshing native plugins compatible for Editor in 0.58 ms, found 2 plugins.
Preloading 0 native plugins for Editor in 0.00 ms.
Mono: successfully reloaded assembly
- Completed reload, in  2.590 seconds
Platform modules already initialized, skipping
Refreshing native plugins compatible for Editor in 0.70 ms, found 2 plugins.
Preloading 0 native plugins for Editor in 0.00 ms.
Unloading 1385 Unused Serialized files (Serialized files now loaded: 0)
System memory in use before: 141.6 MB.
System memory in use after: 141.7 MB.

Unloading 14 unused Assets to reduce memory usage. Loaded Objects now: 1851.
Total: 7.814028 ms (FindLiveObjects: 0.856256 ms CreateObjectMapping: 0.217109 ms MarkObjects: 6.197041 ms  DeleteObjects: 0.541015 ms)

========================================================================
Received Prepare
Registering precompiled user dll's ...
Registered in 0.002928 seconds.
Begin MonoManager ReloadAssembly
Native extension for OSXStandalone target not found
Refreshing native plugins compatible for Editor in 0.41 ms, found 2 plugins.
Preloading 0 native plugins for Editor in 0.00 ms.
Mono: successfully reloaded assembly
- Completed reload, in  1.962 seconds
Platform modules already initialized, skipping
Refreshing native plugins compatible for Editor in 0.36 ms, found 2 plugins.
Preloading 0 native plugins for Editor in 0.00 ms.
Unloading 1385 Unused Serialized files (Serialized files now loaded: 0)
System memory in use before: 141.7 MB.
System memory in use after: 141.8 MB.

Unloading 14 unused Assets to reduce memory usage. Loaded Objects now: 1854.
Total: 2.944471 ms (FindLiveObjects: 0.270620 ms CreateObjectMapping: 0.131147 ms MarkObjects: 2.457012 ms  DeleteObjects: 0.083693 ms)

========================================================================
Received Prepare
Registering precompiled user dll's ...
Registered in 0.002541 seconds.
Begin MonoManager ReloadAssembly
Native extension for OSXStandalone target not found
Refreshing native plugins compatible for Editor in 0.52 ms, found 2 plugins.
Preloading 0 native plugins for Editor in 0.00 ms.
Mono: successfully reloaded assembly
- Completed reload, in  2.333 seconds
Platform modules already initialized, skipping
Refreshing native plugins compatible for Editor in 0.62 ms, found 2 plugins.
Preloading 0 native plugins for Editor in 0.00 ms.
Unloading 1385 Unused Serialized files (Serialized files now loaded: 0)
System memory in use before: 141.9 MB.
System memory in use after: 142.0 MB.

Unloading 14 unused Assets to reduce memory usage. Loaded Objects now: 1857.
Total: 4.763825 ms (FindLiveObjects: 0.538157 ms CreateObjectMapping: 0.216963 ms MarkObjects: 3.875920 ms  DeleteObjects: 0.130790 ms)

========================================================================
Received Prepare
Registering precompiled user dll's ...
Registered in 0.073860 seconds.
Begin MonoManager ReloadAssembly
Native extension for OSXStandalone target not found
Refreshing native plugins compatible for Editor in 0.40 ms, found 2 plugins.
Preloading 0 native plugins for Editor in 0.00 ms.
Mono: successfully reloaded assembly
- Completed reload, in  2.026 seconds
Platform modules already initialized, skipping
Refreshing native plugins compatible for Editor in 0.35 ms, found 2 plugins.
Preloading 0 native plugins for Editor in 0.00 ms.
Unloading 1385 Unused Serialized files (Serialized files now loaded: 0)
System memory in use before: 142.1 MB.
System memory in use after: 142.2 MB.

Unloading 14 unused Assets to reduce memory usage. Loaded Objects now: 1860.
Total: 2.813545 ms (FindLiveObjects: 0.202215 ms CreateObjectMapping: 0.052648 ms MarkObjects: 2.475430 ms  DeleteObjects: 0.081515 ms)

========================================================================
Received Import Request.
  Time since last request: 4022.453015 seconds.
  path: Assets/Prefabs/Dog_BullDog_01.prefab
  artifactKey: Guid(cd5e87df9262044c7adeac2b8384bcda) Importer(815301076,1909f56bfc062723c751e8b465ee728b)
Start importing Assets/Prefabs/Dog_BullDog_01.prefab using Guid(cd5e87df9262044c7adeac2b8384bcda) Importer(815301076,1909f56bfc062723c751e8b465ee728b)  -> (artifact id: 'a88f94fb97c28c8a8a8b640949f170db') in 3.135096 seconds
  Import took 3.174679 seconds .

========================================================================
Received Import Request.
  Time since last request: 6.521358 seconds.
  path: Assets/Prefabs/Dog_BullDog_01.prefab
  artifactKey: Guid(cd5e87df9262044c7adeac2b8384bcda) Importer(815301076,1909f56bfc062723c751e8b465ee728b)
Start importing Assets/Prefabs/Dog_BullDog_01.prefab using Guid(cd5e87df9262044c7adeac2b8384bcda) Importer(815301076,1909f56bfc062723c751e8b465ee728b)  -> (artifact id: '9066ea9c377e80dd1eadbb5fb3e441a3') in 0.095921 seconds
  Import took 0.104490 seconds .

========================================================================
Received Import Request.
  Time since last request: 9.392021 seconds.
  path: Assets/Prefabs/Dog_Labrador_01.prefab
  artifactKey: Guid(b57c34f5ef03f42c6ae58ce500de29a5) Importer(815301076,1909f56bfc062723c751e8b465ee728b)
Start importing Assets/Prefabs/Dog_Labrador_01.prefab using Guid(b57c34f5ef03f42c6ae58ce500de29a5) Importer(815301076,1909f56bfc062723c751e8b465ee728b)  -> (artifact id: 'cde1e298f76a5717500eea00b67d373a') in 0.093464 seconds
  Import took 0.116408 seconds .

========================================================================
Received Import Request.
  Time since last request: 3.979696 seconds.
  path: Assets/Prefabs/Dog_Labrador_01.prefab
  artifactKey: Guid(b57c34f5ef03f42c6ae58ce500de29a5) Importer(815301076,1909f56bfc062723c751e8b465ee728b)
Start importing Assets/Prefabs/Dog_Labrador_01.prefab using Guid(b57c34f5ef03f42c6ae58ce500de29a5) Importer(815301076,1909f56bfc062723c751e8b465ee728b)  -> (artifact id: '5bcc318a4a437f20afafe8f5ed750331') in 0.135506 seconds
  Import took 0.159794 seconds .

========================================================================
Received Import Request.
  Time since last request: 2.581882 seconds.
  path: Assets/Prefabs/Dog_SaintBernard_01.prefab
  artifactKey: Guid(8f1368fea649044b08f241a0bb432faa) Importer(815301076,1909f56bfc062723c751e8b465ee728b)
Start importing Assets/Prefabs/Dog_SaintBernard_01.prefab using Guid(8f1368fea649044b08f241a0bb432faa) Importer(815301076,1909f56bfc062723c751e8b465ee728b)  -> (artifact id: 'd29ce5c9b85c3d54b741a4ad83904273') in 0.114873 seconds
  Import took 0.124491 seconds .

========================================================================
Received Import Request.
  Time since last request: 78.883202 seconds.
  path: Assets/Prefabs/Dog_BullDog_01.prefab
  artifactKey: Guid(cd5e87df9262044c7adeac2b8384bcda) Importer(815301076,1909f56bfc062723c751e8b465ee728b)
Start importing Assets/Prefabs/Dog_BullDog_01.prefab using Guid(cd5e87df9262044c7adeac2b8384bcda) Importer(815301076,1909f56bfc062723c751e8b465ee728b)  -> (artifact id: 'b45a68dc828d854897e1fcac7ac9989a') in 0.088380 seconds
  Import took 0.112891 seconds .

========================================================================
Received Import Request.
  Time since last request: 0.004746 seconds.
  path: Assets/Prefabs/Dog_BullDog_01.prefab
  artifactKey: Guid(cd5e87df9262044c7adeac2b8384bcda) Importer(815301076,1909f56bfc062723c751e8b465ee728b)
Start importing Assets/Prefabs/Dog_BullDog_01.prefab using Guid(cd5e87df9262044c7adeac2b8384bcda) Importer(815301076,1909f56bfc062723c751e8b465ee728b)  -> (artifact id: 'b45a68dc828d854897e1fcac7ac9989a') in 0.110099 seconds
  Import took 0.125582 seconds .

========================================================================
Received Import Request.
  Time since last request: 18.890796 seconds.
  path: Assets/Prefabs/Dog_BullDog_01.prefab
  artifactKey: Guid(cd5e87df9262044c7adeac2b8384bcda) Importer(815301076,1909f56bfc062723c751e8b465ee728b)
Start importing Assets/Prefabs/Dog_BullDog_01.prefab using Guid(cd5e87df9262044c7adeac2b8384bcda) Importer(815301076,1909f56bfc062723c751e8b465ee728b)  -> (artifact id: 'e52ba4fb3db0301468d7bf7b2dde4a15') in 0.105850 seconds
  Import took 0.157275 seconds .

========================================================================
Received Import Request.
  Time since last request: 8.062820 seconds.
  path: Assets/Prefabs/Dog_BullDog_01.prefab
  artifactKey: Guid(cd5e87df9262044c7adeac2b8384bcda) Importer(815301076,1909f56bfc062723c751e8b465ee728b)
Start importing Assets/Prefabs/Dog_BullDog_01.prefab using Guid(cd5e87df9262044c7adeac2b8384bcda) Importer(815301076,1909f56bfc062723c751e8b465ee728b)  -> (artifact id: '5249c89c30ec9d9a891cea1969e1e74c') in 0.176057 seconds
  Import took 0.184274 seconds .

========================================================================
Received Import Request.
  Time since last request: 6.012138 seconds.
  path: Assets/Prefabs/Dog_BullDog_01.prefab
  artifactKey: Guid(cd5e87df9262044c7adeac2b8384bcda) Importer(815301076,1909f56bfc062723c751e8b465ee728b)
Start importing Assets/Prefabs/Dog_BullDog_01.prefab using Guid(cd5e87df9262044c7adeac2b8384bcda) Importer(815301076,1909f56bfc062723c751e8b465ee728b)  -> (artifact id: '721e2014ce0d64213baf499be2e1055e') in 0.092071 seconds
  Import took 0.113511 seconds .

========================================================================
Received Import Request.
  Time since last request: 13.182929 seconds.
  path: Assets/Prefabs/Dog_BullDog_01.prefab
  artifactKey: Guid(cd5e87df9262044c7adeac2b8384bcda) Importer(815301076,1909f56bfc062723c751e8b465ee728b)
Start importing Assets/Prefabs/Dog_BullDog_01.prefab using Guid(cd5e87df9262044c7adeac2b8384bcda) Importer(815301076,1909f56bfc062723c751e8b465ee728b)  -> (artifact id: 'a3844a2bd232d0520e642cea6347f4de') in 0.162141 seconds
  Import took 0.173638 seconds .

========================================================================
Received Import Request.
  Time since last request: 4.801304 seconds.
  path: Assets/Prefabs/Dog_BullDog_01.prefab
  artifactKey: Guid(cd5e87df9262044c7adeac2b8384bcda) Importer(815301076,1909f56bfc062723c751e8b465ee728b)
Start importing Assets/Prefabs/Dog_BullDog_01.prefab using Guid(cd5e87df9262044c7adeac2b8384bcda) Importer(815301076,1909f56bfc062723c751e8b465ee728b)  -> (artifact id: 'b63b0f18f1aeae11c850d0f1a4cb16f2') in 0.129129 seconds
  Import took 0.147154 seconds .

========================================================================
Received Import Request.
  Time since last request: 8.015610 seconds.
  path: Assets/Prefabs/Dog_BullDog_01.prefab
  artifactKey: Guid(cd5e87df9262044c7adeac2b8384bcda) Importer(815301076,1909f56bfc062723c751e8b465ee728b)
Start importing Assets/Prefabs/Dog_BullDog_01.prefab using Guid(cd5e87df9262044c7adeac2b8384bcda) Importer(815301076,1909f56bfc062723c751e8b465ee728b)  -> (artifact id: '5130f434a510fa007f8d03fa94f25ae9') in 0.128791 seconds
  Import took 0.141428 seconds .

========================================================================
Received Import Request.
  Time since last request: 5.854867 seconds.
  path: Assets/Prefabs/Dog_BullDog_01.prefab
  artifactKey: Guid(cd5e87df9262044c7adeac2b8384bcda) Importer(815301076,1909f56bfc062723c751e8b465ee728b)
Start importing Assets/Prefabs/Dog_BullDog_01.prefab using Guid(cd5e87df9262044c7adeac2b8384bcda) Importer(815301076,1909f56bfc062723c751e8b465ee728b)  -> (artifact id: '45521dba284a787fd6c5e6f50d7bacb5') in 0.107873 seconds
  Import took 0.131584 seconds .

========================================================================
Received Import Request.
  Time since last request: 54.335806 seconds.
  path: Assets/Prefabs/Dog_SaintBernard_01.prefab
  artifactKey: Guid(8f1368fea649044b08f241a0bb432faa) Importer(815301076,1909f56bfc062723c751e8b465ee728b)
Start importing Assets/Prefabs/Dog_SaintBernard_01.prefab using Guid(8f1368fea649044b08f241a0bb432faa) Importer(815301076,1909f56bfc062723c751e8b465ee728b)  -> (artifact id: '363f4a53e9536134bbf2a00a7bb52801') in 0.104208 seconds
  Import took 0.116209 seconds .

========================================================================
Received Import Request.
  Time since last request: 4.796083 seconds.
  path: Assets/Prefabs/Dog_SaintBernard_01.prefab
  artifactKey: Guid(8f1368fea649044b08f241a0bb432faa) Importer(815301076,1909f56bfc062723c751e8b465ee728b)
Start importing Assets/Prefabs/Dog_SaintBernard_01.prefab using Guid(8f1368fea649044b08f241a0bb432faa) Importer(815301076,1909f56bfc062723c751e8b465ee728b)  -> (artifact id: '0882816da6240856cdc3cee8d122e922') in 0.127744 seconds
  Import took 0.135211 seconds .

========================================================================
Received Import Request.
  Time since last request: 4.750689 seconds.
  path: Assets/Prefabs/Dog_SaintBernard_01.prefab
  artifactKey: Guid(8f1368fea649044b08f241a0bb432faa) Importer(815301076,1909f56bfc062723c751e8b465ee728b)
Start importing Assets/Prefabs/Dog_SaintBernard_01.prefab using Guid(8f1368fea649044b08f241a0bb432faa) Importer(815301076,1909f56bfc062723c751e8b465ee728b)  -> (artifact id: 'f428f5b4bb94a5aa7a142f086517cc2f') in 0.100835 seconds
  Import took 0.120762 seconds .

========================================================================
Received Import Request.
  Time since last request: 18.312643 seconds.
  path: Assets/Prefabs/Dog_SaintBernard_01.prefab
  artifactKey: Guid(8f1368fea649044b08f241a0bb432faa) Importer(815301076,1909f56bfc062723c751e8b465ee728b)
Start importing Assets/Prefabs/Dog_SaintBernard_01.prefab using Guid(8f1368fea649044b08f241a0bb432faa) Importer(815301076,1909f56bfc062723c751e8b465ee728b)  -> (artifact id: 'dc886db25ac377af6c0087dbd081f5ba') in 0.212780 seconds
  Import took 0.241865 seconds .

========================================================================
Received Import Request.
  Time since last request: 7.908961 seconds.
  path: Assets/Prefabs/Dog_SaintBernard_01.prefab
  artifactKey: Guid(8f1368fea649044b08f241a0bb432faa) Importer(815301076,1909f56bfc062723c751e8b465ee728b)
Start importing Assets/Prefabs/Dog_SaintBernard_01.prefab using Guid(8f1368fea649044b08f241a0bb432faa) Importer(815301076,1909f56bfc062723c751e8b465ee728b)  -> (artifact id: '7467794fb141cecc56e8a50bc502d506') in 0.130144 seconds
  Import took 0.165372 seconds .

========================================================================
Received Import Request.
  Time since last request: 7.838930 seconds.
  path: Assets/Prefabs/Dog_SaintBernard_01.prefab
  artifactKey: Guid(8f1368fea649044b08f241a0bb432faa) Importer(815301076,1909f56bfc062723c751e8b465ee728b)
Start importing Assets/Prefabs/Dog_SaintBernard_01.prefab using Guid(8f1368fea649044b08f241a0bb432faa) Importer(815301076,1909f56bfc062723c751e8b465ee728b)  -> (artifact id: 'b70d123aa17c86880cf5303145d90f6c') in 0.122167 seconds
  Import took 0.144159 seconds .

========================================================================
Received Import Request.
  Time since last request: 4.194009 seconds.
  path: Assets/Prefabs/Dog_SaintBernard_01.prefab
  artifactKey: Guid(8f1368fea649044b08f241a0bb432faa) Importer(815301076,1909f56bfc062723c751e8b465ee728b)
Start importing Assets/Prefabs/Dog_SaintBernard_01.prefab using Guid(8f1368fea649044b08f241a0bb432faa) Importer(815301076,1909f56bfc062723c751e8b465ee728b)  -> (artifact id: '4c82753d04cba6dc58f7db0cd6bdf5db') in 0.126779 seconds
  Import took 0.137866 seconds .

========================================================================
Received Import Request.
  Time since last request: 18.300931 seconds.
  path: Assets/Prefabs/Dog_SaintBernard_01.prefab
  artifactKey: Guid(8f1368fea649044b08f241a0bb432faa) Importer(815301076,1909f56bfc062723c751e8b465ee728b)
Start importing Assets/Prefabs/Dog_SaintBernard_01.prefab using Guid(8f1368fea649044b08f241a0bb432faa) Importer(815301076,1909f56bfc062723c751e8b465ee728b)  -> (artifact id: '4d4394e84c4a9767256ac77250db1c7d') in 0.152553 seconds
  Import took 0.157546 seconds .

========================================================================
Received Import Request.
  Time since last request: 5.890344 seconds.
  path: Assets/Prefabs/Dog_SaintBernard_01.prefab
  artifactKey: Guid(8f1368fea649044b08f241a0bb432faa) Importer(815301076,1909f56bfc062723c751e8b465ee728b)
Start importing Assets/Prefabs/Dog_SaintBernard_01.prefab using Guid(8f1368fea649044b08f241a0bb432faa) Importer(815301076,1909f56bfc062723c751e8b465ee728b)  -> (artifact id: '68f75b6117bbdbea4ad9cfd423ef3118') in 0.131049 seconds
  Import took 0.140049 seconds .

========================================================================
Received Import Request.
  Time since last request: 4.004104 seconds.
  path: Assets/Prefabs/Dog_SaintBernard_01.prefab
  artifactKey: Guid(8f1368fea649044b08f241a0bb432faa) Importer(815301076,1909f56bfc062723c751e8b465ee728b)
Start importing Assets/Prefabs/Dog_SaintBernard_01.prefab using Guid(8f1368fea649044b08f241a0bb432faa) Importer(815301076,1909f56bfc062723c751e8b465ee728b)  -> (artifact id: '03123630ad0f78373c68f5a5e4e2fa70') in 0.175587 seconds
  Import took 0.197305 seconds .

========================================================================
Received Import Request.
  Time since last request: 3.316294 seconds.
  path: Assets/Prefabs/Dog_SaintBernard_01.prefab
  artifactKey: Guid(8f1368fea649044b08f241a0bb432faa) Importer(815301076,1909f56bfc062723c751e8b465ee728b)
Start importing Assets/Prefabs/Dog_SaintBernard_01.prefab using Guid(8f1368fea649044b08f241a0bb432faa) Importer(815301076,1909f56bfc062723c751e8b465ee728b)  -> (artifact id: '2536f1ad4d0b14149936f84b8ffcaac0') in 0.128097 seconds
  Import took 0.141502 seconds .

========================================================================
Received Import Request.
  Time since last request: 44.971708 seconds.
  path: Assets/Prefabs/Food_Sandwich_01.prefab
  artifactKey: Guid(0272d54dfad0b413cbc0a6954ad49220) Importer(815301076,1909f56bfc062723c751e8b465ee728b)
Start importing Assets/Prefabs/Food_Sandwich_01.prefab using Guid(0272d54dfad0b413cbc0a6954ad49220) Importer(815301076,1909f56bfc062723c751e8b465ee728b)  -> (artifact id: '12339a73da1b7318252f56f2de985e7b') in 0.043340 seconds
  Import took 0.071585 seconds .

========================================================================
Received Import Request.
  Time since last request: 0.004411 seconds.
  path: Assets/Prefabs/Food_Sandwich_01.prefab
  artifactKey: Guid(0272d54dfad0b413cbc0a6954ad49220) Importer(815301076,1909f56bfc062723c751e8b465ee728b)
Start importing Assets/Prefabs/Food_Sandwich_01.prefab using Guid(0272d54dfad0b413cbc0a6954ad49220) Importer(815301076,1909f56bfc062723c751e8b465ee728b)  -> (artifact id: '12339a73da1b7318252f56f2de985e7b') in 0.022926 seconds
  Import took 0.031039 seconds .

========================================================================
Received Import Request.
  Time since last request: 3.426268 seconds.
  path: Assets/Prefabs/Food_Sandwich_01.prefab
  artifactKey: Guid(0272d54dfad0b413cbc0a6954ad49220) Importer(815301076,1909f56bfc062723c751e8b465ee728b)
Start importing Assets/Prefabs/Food_Sandwich_01.prefab using Guid(0272d54dfad0b413cbc0a6954ad49220) Importer(815301076,1909f56bfc062723c751e8b465ee728b)  -> (artifact id: '191a460bc6348676c510307f421ee03e') in 0.026638 seconds
  Import took 0.049983 seconds .

========================================================================
Received Import Request.
  Time since last request: 2.638174 seconds.
  path: Assets/Prefabs/Dog_SaintBernard_01.prefab
  artifactKey: Guid(8f1368fea649044b08f241a0bb432faa) Importer(815301076,1909f56bfc062723c751e8b465ee728b)
Start importing Assets/Prefabs/Dog_SaintBernard_01.prefab using Guid(8f1368fea649044b08f241a0bb432faa) Importer(815301076,1909f56bfc062723c751e8b465ee728b)  -> (artifact id: '9e5b335cbcbfc60162401b06c4736e3d') in 0.219306 seconds
  Import took 0.282103 seconds .

========================================================================
Received Import Request.
  Time since last request: 0.762582 seconds.
  path: Assets/Prefabs/Dog_Labrador_01.prefab
  artifactKey: Guid(b57c34f5ef03f42c6ae58ce500de29a5) Importer(815301076,1909f56bfc062723c751e8b465ee728b)
Start importing Assets/Prefabs/Dog_Labrador_01.prefab using Guid(b57c34f5ef03f42c6ae58ce500de29a5) Importer(815301076,1909f56bfc062723c751e8b465ee728b)  -> (artifact id: '8f4a86bc62f05be0d7a9553dede83ded') in 0.111820 seconds
  Import took 0.127753 seconds .

========================================================================
Received Import Request.
  Time since last request: 1.496590 seconds.
  path: Assets/Prefabs/Dog_Labrador_01.prefab
  artifactKey: Guid(b57c34f5ef03f42c6ae58ce500de29a5) Importer(815301076,1909f56bfc062723c751e8b465ee728b)
Start importing Assets/Prefabs/Dog_Labrador_01.prefab using Guid(b57c34f5ef03f42c6ae58ce500de29a5) Importer(815301076,1909f56bfc062723c751e8b465ee728b)  -> (artifact id: '2a7c0523944bf7ddc8bfb7aff5700c24') in 0.126343 seconds
  Import took 0.136665 seconds .

========================================================================
Received Import Request.
  Time since last request: 1.663697 seconds.
  path: Assets/Prefabs/Dog_BullDog_01.prefab
  artifactKey: Guid(cd5e87df9262044c7adeac2b8384bcda) Importer(815301076,1909f56bfc062723c751e8b465ee728b)
Start importing Assets/Prefabs/Dog_BullDog_01.prefab using Guid(cd5e87df9262044c7adeac2b8384bcda) Importer(815301076,1909f56bfc062723c751e8b465ee728b)  -> (artifact id: '3ceb02f705d17d63ec81da741204fa20') in 0.087772 seconds
  Import took 0.098653 seconds .

========================================================================
Received Import Request.
  Time since last request: 23.662482 seconds.
  path: Assets/Prefabs/Food_Sandwich_01.prefab
  artifactKey: Guid(0272d54dfad0b413cbc0a6954ad49220) Importer(815301076,1909f56bfc062723c751e8b465ee728b)
Start importing Assets/Prefabs/Food_Sandwich_01.prefab using Guid(0272d54dfad0b413cbc0a6954ad49220) Importer(815301076,1909f56bfc062723c751e8b465ee728b)  -> (artifact id: '79ff1d08aca443d2ae331eaf841326c0') in 0.024656 seconds
  Import took 0.029158 seconds .

========================================================================
Received Import Request.
  Time since last request: 4.946305 seconds.
  path: Assets/Prefabs/Food_Sandwich_01.prefab
  artifactKey: Guid(0272d54dfad0b413cbc0a6954ad49220) Importer(815301076,1909f56bfc062723c751e8b465ee728b)
Start importing Assets/Prefabs/Food_Sandwich_01.prefab using Guid(0272d54dfad0b413cbc0a6954ad49220) Importer(815301076,1909f56bfc062723c751e8b465ee728b)  -> (artifact id: '581507956d10e01f4327c4343d404183') in 0.017273 seconds
  Import took 0.035960 seconds .

========================================================================
Received Import Request.
  Time since last request: 70.343547 seconds.
  path: Assets/Scripts/DetectCollisions.cs
  artifactKey: Guid(ac9102bb7c1494138af0c59eb6ec1512) Importer(815301076,1909f56bfc062723c751e8b465ee728b)
Start importing Assets/Scripts/DetectCollisions.cs using Guid(ac9102bb7c1494138af0c59eb6ec1512) Importer(815301076,1909f56bfc062723c751e8b465ee728b)  -> (artifact id: '12c20bb8de6dca68a3a37c92e56ce2de') in 0.041788 seconds
  Import took 0.050251 seconds .

========================================================================
Received Import Request.
  Time since last request: 0.000773 seconds.
  path: Assets/Scripts/DetectCollisions.cs
  artifactKey: Guid(ac9102bb7c1494138af0c59eb6ec1512) Importer(815301076,1909f56bfc062723c751e8b465ee728b)
Start importing Assets/Scripts/DetectCollisions.cs using Guid(ac9102bb7c1494138af0c59eb6ec1512) Importer(815301076,1909f56bfc062723c751e8b465ee728b)  -> (artifact id: '12c20bb8de6dca68a3a37c92e56ce2de') in 0.008383 seconds
  Import took 0.014274 seconds .

========================================================================
Received Prepare
Registering precompiled user dll's ...
Registered in 0.032489 seconds.
Begin MonoManager ReloadAssembly
Native extension for OSXStandalone target not found
Refreshing native plugins compatible for Editor in 0.91 ms, found 2 plugins.
Preloading 0 native plugins for Editor in 0.00 ms.
Mono: successfully reloaded assembly
- Completed reload, in  2.856 seconds
Platform modules already initialized, skipping
Refreshing native plugins compatible for Editor in 0.37 ms, found 2 plugins.
Preloading 0 native plugins for Editor in 0.00 ms.
Unloading 1386 Unused Serialized files (Serialized files now loaded: 0)
System memory in use before: 165.6 MB.
System memory in use after: 165.7 MB.

Unloading 14 unused Assets to reduce memory usage. Loaded Objects now: 1872.
Total: 4.183368 ms (FindLiveObjects: 0.909914 ms CreateObjectMapping: 0.152024 ms MarkObjects: 3.048534 ms  DeleteObjects: 0.069583 ms)

========================================================================
Received Import Request.
  Time since last request: 18.871619 seconds.
  path: Assets/Prefabs/Dog_BullDog_01.prefab
  artifactKey: Guid(cd5e87df9262044c7adeac2b8384bcda) Importer(815301076,1909f56bfc062723c751e8b465ee728b)
Start importing Assets/Prefabs/Dog_BullDog_01.prefab using Guid(cd5e87df9262044c7adeac2b8384bcda) Importer(815301076,1909f56bfc062723c751e8b465ee728b)  -> (artifact id: 'abadb41cb492ff2600d8f2a3f7bc6960') in 0.457374 seconds
  Import took 0.475279 seconds .

========================================================================
Received Import Request.
  Time since last request: 4.165259 seconds.
  path: Assets/Prefabs/Dog_Labrador_01.prefab
  artifactKey: Guid(b57c34f5ef03f42c6ae58ce500de29a5) Importer(815301076,1909f56bfc062723c751e8b465ee728b)
Start importing Assets/Prefabs/Dog_Labrador_01.prefab using Guid(b57c34f5ef03f42c6ae58ce500de29a5) Importer(815301076,1909f56bfc062723c751e8b465ee728b)  -> (artifact id: 'b4dc739e7cdae21975ebeb37022681df') in 0.150012 seconds
  Import took 0.161641 seconds .

========================================================================
Received Import Request.
  Time since last request: 3.637374 seconds.
  path: Assets/Prefabs/Dog_SaintBernard_01.prefab
  artifactKey: Guid(8f1368fea649044b08f241a0bb432faa) Importer(815301076,1909f56bfc062723c751e8b465ee728b)
Start importing Assets/Prefabs/Dog_SaintBernard_01.prefab using Guid(8f1368fea649044b08f241a0bb432faa) Importer(815301076,1909f56bfc062723c751e8b465ee728b)  -> (artifact id: '1af750eef8cc1a97e4e57786d768407d') in 0.134562 seconds
  Import took 0.143772 seconds .

========================================================================
Received Import Request.
  Time since last request: 5.364869 seconds.
  path: Assets/Prefabs/Food_Sandwich_01.prefab
  artifactKey: Guid(0272d54dfad0b413cbc0a6954ad49220) Importer(815301076,1909f56bfc062723c751e8b465ee728b)
Start importing Assets/Prefabs/Food_Sandwich_01.prefab using Guid(0272d54dfad0b413cbc0a6954ad49220) Importer(815301076,1909f56bfc062723c751e8b465ee728b)  -> (artifact id: '35976aba793542cff4c0bc5cf3003cf7') in 0.054563 seconds
  Import took 0.064212 seconds .

========================================================================
Received Prepare
Registering precompiled user dll's ...
Registered in 0.033662 seconds.
Begin MonoManager ReloadAssembly
Native extension for OSXStandalone target not found
Refreshing native plugins compatible for Editor in 0.38 ms, found 2 plugins.
Preloading 0 native plugins for Editor in 0.00 ms.
Mono: successfully reloaded assembly
- Completed reload, in  1.944 seconds
Platform modules already initialized, skipping
Refreshing native plugins compatible for Editor in 0.36 ms, found 2 plugins.
Preloading 0 native plugins for Editor in 0.00 ms.
Unloading 1386 Unused Serialized files (Serialized files now loaded: 0)
System memory in use before: 166.0 MB.
System memory in use after: 166.1 MB.

Unloading 14 unused Assets to reduce memory usage. Loaded Objects now: 1876.
Total: 3.312719 ms (FindLiveObjects: 0.259969 ms CreateObjectMapping: 0.057030 ms MarkObjects: 2.838859 ms  DeleteObjects: 0.138999 ms)

========================================================================
Received Prepare
Registering precompiled user dll's ...
Registered in 0.037500 seconds.
Begin MonoManager ReloadAssembly
Native extension for OSXStandalone target not found
Refreshing native plugins compatible for Editor in 0.50 ms, found 2 plugins.
Preloading 0 native plugins for Editor in 0.00 ms.
Mono: successfully reloaded assembly
- Completed reload, in  2.406 seconds
Platform modules already initialized, skipping
Refreshing native plugins compatible for Editor in 0.36 ms, found 2 plugins.
Preloading 0 native plugins for Editor in 0.00 ms.
Unloading 1386 Unused Serialized files (Serialized files now loaded: 0)
System memory in use before: 166.2 MB.
System memory in use after: 166.3 MB.

Unloading 14 unused Assets to reduce memory usage. Loaded Objects now: 1879.
Total: 3.251617 ms (FindLiveObjects: 0.292323 ms CreateObjectMapping: 0.139660 ms MarkObjects: 2.728825 ms  DeleteObjects: 0.088676 ms)

========================================================================
Received Prepare
Registering precompiled user dll's ...
Registered in 0.022348 seconds.
Begin MonoManager ReloadAssembly
Native extension for OSXStandalone target not found
Refreshing native plugins compatible for Editor in 0.66 ms, found 2 plugins.
Preloading 0 native plugins for Editor in 0.00 ms.
Mono: successfully reloaded assembly
- Completed reload, in  2.187 seconds
Platform modules already initialized, skipping
Refreshing native plugins compatible for Editor in 0.38 ms, found 2 plugins.
Preloading 0 native plugins for Editor in 0.00 ms.
Unloading 1386 Unused Serialized files (Serialized files now loaded: 0)
System memory in use before: 166.4 MB.
System memory in use after: 166.5 MB.

Unloading 14 unused Assets to reduce memory usage. Loaded Objects now: 1882.
Total: 5.940376 ms (FindLiveObjects: 0.603543 ms CreateObjectMapping: 0.197665 ms MarkObjects: 5.023222 ms  DeleteObjects: 0.113327 ms)

========================================================================
Received Prepare
Registering precompiled user dll's ...
Registered in 0.002650 seconds.
Begin MonoManager ReloadAssembly
Native extension for OSXStandalone target not found
Refreshing native plugins compatible for Editor in 0.69 ms, found 2 plugins.
Preloading 0 native plugins for Editor in 0.00 ms.
Mono: successfully reloaded assembly
- Completed reload, in  1.805 seconds
Platform modules already initialized, skipping
Refreshing native plugins compatible for Editor in 0.69 ms, found 2 plugins.
Preloading 0 native plugins for Editor in 0.00 ms.
Unloading 1386 Unused Serialized files (Serialized files now loaded: 0)
System memory in use before: 166.5 MB.
System memory in use after: 166.6 MB.

Unloading 14 unused Assets to reduce memory usage. Loaded Objects now: 1885.
Total: 3.413509 ms (FindLiveObjects: 0.313268 ms CreateObjectMapping: 0.134765 ms MarkObjects: 2.883166 ms  DeleteObjects: 0.080278 ms)

========================================================================
Received Prepare
Registering precompiled user dll's ...
Registered in 0.061631 seconds.
Begin MonoManager ReloadAssembly
Native extension for OSXStandalone target not found
Refreshing native plugins compatible for Editor in 0.83 ms, found 2 plugins.
Preloading 0 native plugins for Editor in 0.00 ms.
Mono: successfully reloaded assembly
- Completed reload, in  3.153 seconds
Platform modules already initialized, skipping
Refreshing native plugins compatible for Editor in 0.49 ms, found 2 plugins.
Preloading 0 native plugins for Editor in 0.00 ms.
Unloading 1386 Unused Serialized files (Serialized files now loaded: 0)
System memory in use before: 166.7 MB.
System memory in use after: 166.8 MB.

Unloading 14 unused Assets to reduce memory usage. Loaded Objects now: 1888.
Total: 3.418115 ms (FindLiveObjects: 0.340293 ms CreateObjectMapping: 0.181583 ms MarkObjects: 2.777195 ms  DeleteObjects: 0.117155 ms)

========================================================================
Received Prepare
Registering precompiled user dll's ...
Registered in 0.003315 seconds.
Begin MonoManager ReloadAssembly
Native extension for OSXStandalone target not found
Refreshing native plugins compatible for Editor in 0.38 ms, found 2 plugins.
Preloading 0 native plugins for Editor in 0.00 ms.
Mono: successfully reloaded assembly
- Completed reload, in  1.838 seconds
Platform modules already initialized, skipping
Refreshing native plugins compatible for Editor in 0.38 ms, found 2 plugins.
Preloading 0 native plugins for Editor in 0.00 ms.
Unloading 1386 Unused Serialized files (Serialized files now loaded: 0)
System memory in use before: 166.9 MB.
System memory in use after: 167.0 MB.

Unloading 14 unused Assets to reduce memory usage. Loaded Objects now: 1891.
Total: 5.155224 ms (FindLiveObjects: 0.583364 ms CreateObjectMapping: 0.266249 ms MarkObjects: 4.191450 ms  DeleteObjects: 0.111340 ms)

